{"D:\\jest-project\\src\\calculator.js": {"path":"D:\\jest-project\\src\\calculator.js","statementMap":{"0":{"start":{"line":2,"column":19},"end":{"line":2,"column":22}},"1":{"start":{"line":5,"column":22},"end":{"line":5,"column":26}},"2":{"start":{"line":8,"column":19},"end":{"line":8,"column":23}},"3":{"start":{"line":12,"column":4},"end":{"line":18,"column":5}},"4":{"start":{"line":14,"column":8},"end":{"line":14,"column":28}},"5":{"start":{"line":17,"column":8},"end":{"line":17,"column":30}},"6":{"start":{"line":23,"column":4},"end":{"line":23,"column":23}},"7":{"start":{"line":28,"column":4},"end":{"line":28,"column":22}},"8":{"start":{"line":30,"column":4},"end":{"line":30,"column":23}},"9":{"start":{"line":35,"column":4},"end":{"line":38,"column":5}},"10":{"start":{"line":37,"column":8},"end":{"line":37,"column":19}},"11":{"start":{"line":40,"column":4},"end":{"line":40,"column":31}},"12":{"start":{"line":43,"column":4},"end":{"line":43,"column":30}},"13":{"start":{"line":46,"column":4},"end":{"line":46,"column":22}},"14":{"start":{"line":47,"column":4},"end":{"line":47,"column":26}},"15":{"start":{"line":53,"column":4},"end":{"line":53,"column":65}},"16":{"start":{"line":53,"column":59},"end":{"line":53,"column":65}},"17":{"start":{"line":58,"column":26},"end":{"line":58,"column":38}},"18":{"start":{"line":61,"column":4},"end":{"line":77,"column":5}},"19":{"start":{"line":63,"column":12},"end":{"line":63,"column":73}},"20":{"start":{"line":64,"column":12},"end":{"line":64,"column":17}},"21":{"start":{"line":66,"column":12},"end":{"line":66,"column":73}},"22":{"start":{"line":67,"column":12},"end":{"line":67,"column":17}},"23":{"start":{"line":69,"column":12},"end":{"line":69,"column":73}},"24":{"start":{"line":70,"column":12},"end":{"line":70,"column":17}},"25":{"start":{"line":72,"column":12},"end":{"line":72,"column":73}},"26":{"start":{"line":73,"column":12},"end":{"line":73,"column":17}},"27":{"start":{"line":76,"column":12},"end":{"line":76,"column":18}},"28":{"start":{"line":80,"column":4},"end":{"line":80,"column":36}},"29":{"start":{"line":83,"column":4},"end":{"line":83,"column":26}},"30":{"start":{"line":84,"column":4},"end":{"line":84,"column":23}},"31":{"start":{"line":85,"column":4},"end":{"line":85,"column":23}}},"fnMap":{"0":{"name":"appendToDisplay","decl":{"start":{"line":11,"column":16},"end":{"line":11,"column":31}},"loc":{"start":{"line":11,"column":39},"end":{"line":24,"column":1}},"line":11},"1":{"name":"clearDisplay","decl":{"start":{"line":27,"column":16},"end":{"line":27,"column":28}},"loc":{"start":{"line":27,"column":31},"end":{"line":31,"column":1}},"line":27},"2":{"name":"operate","decl":{"start":{"line":34,"column":16},"end":{"line":34,"column":23}},"loc":{"start":{"line":34,"column":34},"end":{"line":48,"column":1}},"line":34},"3":{"name":"calculate","decl":{"start":{"line":51,"column":16},"end":{"line":51,"column":25}},"loc":{"start":{"line":51,"column":28},"end":{"line":88,"column":1}},"line":51}},"branchMap":{"0":{"loc":{"start":{"line":12,"column":4},"end":{"line":18,"column":5}},"type":"if","locations":[{"start":{"line":12,"column":4},"end":{"line":18,"column":5}},{"start":{"line":15,"column":11},"end":{"line":18,"column":5}}],"line":12},"1":{"loc":{"start":{"line":12,"column":8},"end":{"line":12,"column":45}},"type":"binary-expr","locations":[{"start":{"line":12,"column":8},"end":{"line":12,"column":28}},{"start":{"line":12,"column":32},"end":{"line":12,"column":45}}],"line":12},"2":{"loc":{"start":{"line":35,"column":4},"end":{"line":38,"column":5}},"type":"if","locations":[{"start":{"line":35,"column":4},"end":{"line":38,"column":5}},{"start":{},"end":{}}],"line":35},"3":{"loc":{"start":{"line":53,"column":4},"end":{"line":53,"column":65}},"type":"if","locations":[{"start":{"line":53,"column":4},"end":{"line":53,"column":65}},{"start":{},"end":{}}],"line":53},"4":{"loc":{"start":{"line":53,"column":8},"end":{"line":53,"column":57}},"type":"binary-expr","locations":[{"start":{"line":53,"column":8},"end":{"line":53,"column":32}},{"start":{"line":53,"column":36},"end":{"line":53,"column":57}}],"line":53},"5":{"loc":{"start":{"line":61,"column":4},"end":{"line":77,"column":5}},"type":"switch","locations":[{"start":{"line":62,"column":8},"end":{"line":64,"column":17}},{"start":{"line":65,"column":8},"end":{"line":67,"column":17}},{"start":{"line":68,"column":8},"end":{"line":70,"column":17}},{"start":{"line":71,"column":8},"end":{"line":73,"column":17}},{"start":{"line":74,"column":8},"end":{"line":76,"column":18}}],"line":61}},"s":{"0":1,"1":1,"2":1,"3":10,"4":7,"5":3,"6":10,"7":2,"8":2,"9":8,"10":2,"11":8,"12":8,"13":8,"14":8,"15":11,"16":3,"17":8,"18":8,"19":2,"20":2,"21":1,"22":1,"23":2,"24":2,"25":1,"26":1,"27":2,"28":6,"29":6,"30":6,"31":6},"f":{"0":10,"1":2,"2":8,"3":11},"b":{"0":[7,3],"1":[10,7],"2":[2,6],"3":[3,8],"4":[11,8],"5":[2,1,2,1,2]},"_coverageSchema":"1a1c01bbd47fc00a2c39e90264f33305004495a9","hash":"18cd26ded2ecb4a2b17aeaa8bd1c7629d5ed2a50"}
,"D:\\jest-project\\src\\newBaoJian.js": {"path":"D:\\jest-project\\src\\newBaoJian.js","statementMap":{"0":{"start":{"line":3,"column":8},"end":{"line":3,"column":45}},"1":{"start":{"line":6,"column":8},"end":{"line":6,"column":42}},"2":{"start":{"line":9,"column":8},"end":{"line":9,"column":42}}},"fnMap":{"0":{"name":"(anonymous_0)","decl":{"start":{"line":2,"column":4},"end":{"line":2,"column":5}},"loc":{"start":{"line":2,"column":20},"end":{"line":4,"column":5}},"line":2},"1":{"name":"(anonymous_1)","decl":{"start":{"line":5,"column":4},"end":{"line":5,"column":5}},"loc":{"start":{"line":5,"column":13},"end":{"line":7,"column":5}},"line":5},"2":{"name":"(anonymous_2)","decl":{"start":{"line":8,"column":4},"end":{"line":8,"column":5}},"loc":{"start":{"line":8,"column":11},"end":{"line":10,"column":5}},"line":8}},"branchMap":{"0":{"loc":{"start":{"line":3,"column":20},"end":{"line":3,"column":45}},"type":"cond-expr","locations":[{"start":{"line":3,"column":34},"end":{"line":3,"column":38}},{"start":{"line":3,"column":41},"end":{"line":3,"column":45}}],"line":3}},"s":{"0":2,"1":1,"2":1},"f":{"0":2,"1":1,"2":1},"b":{"0":[1,1]},"_coverageSchema":"1a1c01bbd47fc00a2c39e90264f33305004495a9","hash":"9b5937a74c2e0b647b63feb26b2d61233e2f31a9"}
,"D:\\jest-project\\src\\tree.js": {"path":"D:\\jest-project\\src\\tree.js","statementMap":{"0":{"start":{"line":3,"column":19},"end":{"line":3,"column":46}},"1":{"start":{"line":4,"column":20},"end":{"line":4,"column":52}},"2":{"start":{"line":5,"column":21},"end":{"line":5,"column":55}},"3":{"start":{"line":6,"column":14},"end":{"line":8,"column":5}},"4":{"start":{"line":9,"column":4},"end":{"line":9,"column":15}},"5":{"start":{"line":18,"column":4},"end":{"line":18,"column":21}},"6":{"start":{"line":18,"column":15},"end":{"line":18,"column":21}},"7":{"start":{"line":20,"column":16},"end":{"line":20,"column":18}},"8":{"start":{"line":22,"column":18},"end":{"line":22,"column":24}},"9":{"start":{"line":23,"column":4},"end":{"line":31,"column":5}},"10":{"start":{"line":25,"column":21},"end":{"line":25,"column":32}},"11":{"start":{"line":26,"column":8},"end":{"line":26,"column":27}},"12":{"start":{"line":29,"column":8},"end":{"line":29,"column":44}},"13":{"start":{"line":30,"column":8},"end":{"line":30,"column":42}},"14":{"start":{"line":32,"column":4},"end":{"line":32,"column":15}},"15":{"start":{"line":39,"column":4},"end":{"line":39,"column":21}},"16":{"start":{"line":39,"column":15},"end":{"line":39,"column":21}},"17":{"start":{"line":40,"column":16},"end":{"line":40,"column":18}},"18":{"start":{"line":41,"column":18},"end":{"line":41,"column":20}},"19":{"start":{"line":43,"column":12},"end":{"line":43,"column":16}},"20":{"start":{"line":45,"column":4},"end":{"line":56,"column":5}},"21":{"start":{"line":47,"column":8},"end":{"line":51,"column":9}},"22":{"start":{"line":49,"column":12},"end":{"line":49,"column":25}},"23":{"start":{"line":50,"column":12},"end":{"line":50,"column":22}},"24":{"start":{"line":53,"column":21},"end":{"line":53,"column":32}},"25":{"start":{"line":54,"column":8},"end":{"line":54,"column":27}},"26":{"start":{"line":55,"column":8},"end":{"line":55,"column":22}},"27":{"start":{"line":57,"column":4},"end":{"line":57,"column":14}},"28":{"start":{"line":63,"column":4},"end":{"line":63,"column":21}},"29":{"start":{"line":63,"column":15},"end":{"line":63,"column":21}},"30":{"start":{"line":64,"column":16},"end":{"line":64,"column":18}},"31":{"start":{"line":65,"column":24},"end":{"line":65,"column":26}},"32":{"start":{"line":66,"column":18},"end":{"line":66,"column":24}},"33":{"start":{"line":67,"column":4},"end":{"line":73,"column":5}},"34":{"start":{"line":68,"column":21},"end":{"line":68,"column":32}},"35":{"start":{"line":69,"column":8},"end":{"line":69,"column":30}},"36":{"start":{"line":71,"column":8},"end":{"line":71,"column":42}},"37":{"start":{"line":72,"column":8},"end":{"line":72,"column":44}},"38":{"start":{"line":74,"column":4},"end":{"line":77,"column":5}},"39":{"start":{"line":75,"column":21},"end":{"line":75,"column":38}},"40":{"start":{"line":76,"column":8},"end":{"line":76,"column":27}},"41":{"start":{"line":78,"column":4},"end":{"line":78,"column":14}}},"fnMap":{"0":{"name":"treeNode","decl":{"start":{"line":2,"column":9},"end":{"line":2,"column":17}},"loc":{"start":{"line":2,"column":36},"end":{"line":10,"column":1}},"line":2},"1":{"name":"preorder","decl":{"start":{"line":17,"column":9},"end":{"line":17,"column":17}},"loc":{"start":{"line":17,"column":24},"end":{"line":33,"column":1}},"line":17},"2":{"name":"inorder","decl":{"start":{"line":38,"column":9},"end":{"line":38,"column":16}},"loc":{"start":{"line":38,"column":23},"end":{"line":58,"column":1}},"line":38},"3":{"name":"postorder","decl":{"start":{"line":62,"column":9},"end":{"line":62,"column":18}},"loc":{"start":{"line":62,"column":25},"end":{"line":79,"column":1}},"line":62}},"branchMap":{"0":{"loc":{"start":{"line":3,"column":19},"end":{"line":3,"column":46}},"type":"cond-expr","locations":[{"start":{"line":3,"column":39},"end":{"line":3,"column":40}},{"start":{"line":3,"column":43},"end":{"line":3,"column":46}}],"line":3},"1":{"loc":{"start":{"line":4,"column":20},"end":{"line":4,"column":52}},"type":"cond-expr","locations":[{"start":{"line":4,"column":41},"end":{"line":4,"column":45}},{"start":{"line":4,"column":48},"end":{"line":4,"column":52}}],"line":4},"2":{"loc":{"start":{"line":5,"column":21},"end":{"line":5,"column":55}},"type":"cond-expr","locations":[{"start":{"line":5,"column":43},"end":{"line":5,"column":47}},{"start":{"line":5,"column":50},"end":{"line":5,"column":55}}],"line":5},"3":{"loc":{"start":{"line":18,"column":4},"end":{"line":18,"column":21}},"type":"if","locations":[{"start":{"line":18,"column":4},"end":{"line":18,"column":21}},{"start":{},"end":{}}],"line":18},"4":{"loc":{"start":{"line":29,"column":8},"end":{"line":29,"column":44}},"type":"binary-expr","locations":[{"start":{"line":29,"column":8},"end":{"line":29,"column":18}},{"start":{"line":29,"column":22},"end":{"line":29,"column":44}}],"line":29},"5":{"loc":{"start":{"line":30,"column":8},"end":{"line":30,"column":42}},"type":"binary-expr","locations":[{"start":{"line":30,"column":8},"end":{"line":30,"column":17}},{"start":{"line":30,"column":21},"end":{"line":30,"column":42}}],"line":30},"6":{"loc":{"start":{"line":39,"column":4},"end":{"line":39,"column":21}},"type":"if","locations":[{"start":{"line":39,"column":4},"end":{"line":39,"column":21}},{"start":{},"end":{}}],"line":39},"7":{"loc":{"start":{"line":45,"column":11},"end":{"line":45,"column":28}},"type":"binary-expr","locations":[{"start":{"line":45,"column":11},"end":{"line":45,"column":23}},{"start":{"line":45,"column":27},"end":{"line":45,"column":28}}],"line":45},"8":{"loc":{"start":{"line":63,"column":4},"end":{"line":63,"column":21}},"type":"if","locations":[{"start":{"line":63,"column":4},"end":{"line":63,"column":21}},{"start":{},"end":{}}],"line":63},"9":{"loc":{"start":{"line":71,"column":8},"end":{"line":71,"column":42}},"type":"binary-expr","locations":[{"start":{"line":71,"column":8},"end":{"line":71,"column":17}},{"start":{"line":71,"column":21},"end":{"line":71,"column":42}}],"line":71},"10":{"loc":{"start":{"line":72,"column":8},"end":{"line":72,"column":44}},"type":"binary-expr","locations":[{"start":{"line":72,"column":8},"end":{"line":72,"column":18}},{"start":{"line":72,"column":22},"end":{"line":72,"column":44}}],"line":72}},"s":{"0":6,"1":6,"2":6,"3":6,"4":6,"5":2,"6":1,"7":1,"8":1,"9":1,"10":9,"11":9,"12":9,"13":9,"14":1,"15":2,"16":1,"17":1,"18":1,"19":1,"20":1,"21":9,"22":9,"23":9,"24":9,"25":9,"26":9,"27":1,"28":2,"29":1,"30":1,"31":1,"32":1,"33":1,"34":9,"35":9,"36":9,"37":9,"38":1,"39":9,"40":9,"41":1},"f":{"0":6,"1":2,"2":2,"3":2},"b":{"0":[1,5],"1":[1,5],"2":[1,5],"3":[1,1],"4":[9,4],"5":[9,4],"6":[1,1],"7":[10,4],"8":[1,1],"9":[9,4],"10":[9,4]},"_coverageSchema":"1a1c01bbd47fc00a2c39e90264f33305004495a9","hash":"c5bfca916529eedd0e962f4a63e185557ba60339"}
}
