TN:
SF:src\calculator.js
FN:11,appendToDisplay
FN:27,clearDisplay
FN:34,operate
FN:51,calculate
FNF:4
FNH:4
FNDA:10,appendToDisplay
FNDA:2,clearDisplay
FNDA:8,operate
FNDA:11,calculate
DA:2,1
DA:5,1
DA:8,1
DA:12,10
DA:14,7
DA:17,3
DA:23,10
DA:28,2
DA:30,2
DA:35,8
DA:37,2
DA:40,8
DA:43,8
DA:46,8
DA:47,8
DA:53,11
DA:58,8
DA:61,8
DA:63,2
DA:64,2
DA:66,1
DA:67,1
DA:69,2
DA:70,2
DA:72,1
DA:73,1
DA:76,2
DA:80,6
DA:83,6
DA:84,6
DA:85,6
LF:31
LH:31
BRDA:12,0,0,7
BRDA:12,0,1,3
BRDA:12,1,0,10
BRDA:12,1,1,7
BRDA:35,2,0,2
BRDA:35,2,1,6
BRDA:53,3,0,3
BRDA:53,3,1,8
BRDA:53,4,0,11
BRDA:53,4,1,8
BRDA:61,5,0,2
BRDA:61,5,1,1
BRDA:61,5,2,2
BRDA:61,5,3,1
BRDA:61,5,4,2
BRF:15
BRH:15
end_of_record
TN:
SF:src\newBaoJian.js
FN:2,(anonymous_0)
FN:5,(anonymous_1)
FN:8,(anonymous_2)
FNF:3
FNH:3
FNDA:2,(anonymous_0)
FNDA:1,(anonymous_1)
FNDA:1,(anonymous_2)
DA:3,2
DA:6,1
DA:9,1
LF:3
LH:3
BRDA:3,0,0,1
BRDA:3,0,1,1
BRF:2
BRH:2
end_of_record
TN:
SF:src\tree.js
FN:2,treeNode
FN:17,preorder
FN:38,inorder
FN:62,postorder
FNF:4
FNH:4
FNDA:6,treeNode
FNDA:2,preorder
FNDA:2,inorder
FNDA:2,postorder
DA:3,6
DA:4,6
DA:5,6
DA:6,6
DA:9,6
DA:18,2
DA:20,1
DA:22,1
DA:23,1
DA:25,9
DA:26,9
DA:29,9
DA:30,9
DA:32,1
DA:39,2
DA:40,1
DA:41,1
DA:43,1
DA:45,1
DA:47,9
DA:49,9
DA:50,9
DA:53,9
DA:54,9
DA:55,9
DA:57,1
DA:63,2
DA:64,1
DA:65,1
DA:66,1
DA:67,1
DA:68,9
DA:69,9
DA:71,9
DA:72,9
DA:74,1
DA:75,9
DA:76,9
DA:78,1
LF:39
LH:39
BRDA:3,0,0,1
BRDA:3,0,1,5
BRDA:4,1,0,1
BRDA:4,1,1,5
BRDA:5,2,0,1
BRDA:5,2,1,5
BRDA:18,3,0,1
BRDA:18,3,1,1
BRDA:29,4,0,9
BRDA:29,4,1,4
BRDA:30,5,0,9
BRDA:30,5,1,4
BRDA:39,6,0,1
BRDA:39,6,1,1
BRDA:45,7,0,10
BRDA:45,7,1,4
BRDA:63,8,0,1
BRDA:63,8,1,1
BRDA:71,9,0,9
BRDA:71,9,1,4
BRDA:72,10,0,9
BRDA:72,10,1,4
BRF:22
BRH:22
end_of_record
